[33972:38128:0222/180947.256:WARNING:discovery_network_list_win.cc(195)] Failed to open Wlan client handle: 1062
[33972:35032:0222/180949.591:INFO:CONSOLE(0)] "[DOM] Found 2 elements with non-unique id #locale: (More info: https://goo.gl/9p2vKq) %o %o", source: https://www.facebook.com/ (0)
[33972:35032:0222/180949.591:INFO:CONSOLE(0)] "[DOM] Input elements should have autocomplete attributes (suggested: "current-password"): (More info: https://goo.gl/9p2vKq) %o", source: https://www.facebook.com/ (0)
[33972:35032:0222/180949.591:INFO:CONSOLE(0)] "[DOM] Input elements should have autocomplete attributes (suggested: "username"): (More info: https://goo.gl/9p2vKq) %o", source: https://www.facebook.com/ (0)
[33972:35032:0222/180949.844:INFO:CONSOLE(0)] "
%c잠깐만!", source:  (0)
[33972:35032:0222/180949.845:INFO:CONSOLE(0)] "
%c이 기능은 개발자용으로 브라우저에서 제공되는 내용입니다. 누군가 Facebook 기능을 사용하거나 다른 사람의 계정을 "해킹"하기 위해 여기에 특정 콘텐츠를 복사하여 붙여넣으라고 했다면 사기 행위로 간주하세요. 이 기능은 회원님의 Facebook 계정에 대한 액세스 권한을 상대편에게 부여하는 것입니다.", source:  (0)
[33972:35032:0222/180949.845:INFO:CONSOLE(0)] "
%c자세한 정보는 https://www.facebook.com/selfxss에서 확인해주세요.", source:  (0)
[33972:35032:0222/180949.845:INFO:CONSOLE(0)] "
%c", source:  (0)
[33972:35032:0222/180954.164:INFO:CONSOLE(0)] "[DOM] Input elements should have autocomplete attributes (suggested: "current-password"): (More info: https://goo.gl/9p2vKq) %o", source: https://www.facebook.com/login/device-based/regular/login/?login_attempt=1&lwv=111 (0)
[33972:35032:0222/180954.343:INFO:CONSOLE(0)] "
%c잠깐만!", source:  (0)
[33972:35032:0222/180954.343:INFO:CONSOLE(0)] "
%c이 기능은 개발자용으로 브라우저에서 제공되는 내용입니다. 누군가 Facebook 기능을 사용하거나 다른 사람의 계정을 "해킹"하기 위해 여기에 특정 콘텐츠를 복사하여 붙여넣으라고 했다면 사기 행위로 간주하세요. 이 기능은 회원님의 Facebook 계정에 대한 액세스 권한을 상대편에게 부여하는 것입니다.", source:  (0)
[33972:35032:0222/180954.343:INFO:CONSOLE(0)] "
%c자세한 정보는 https://www.facebook.com/selfxss에서 확인해주세요.", source:  (0)
[33972:35032:0222/180954.343:INFO:CONSOLE(0)] "
%c", source:  (0)
[33972:35032:0222/181009.713:WARNING:CONSOLE(3123)] "document.registerElement is deprecated and will be removed in M73, around March 2019. Please use window.customElements.define instead. See https://www.chromestatus.com/features/4642138092470272 for more details.", source: chrome-devtools://devtools/bundled/shell.js (3123)
[33972:35032:0222/181009.760:WARNING:CONSOLE(3081)] "Element.createShadowRoot is deprecated and will be removed in M73, around March 2019. Please use Element.attachShadow instead. See https://www.chromestatus.com/features/4507242028072960 for more details.", source: chrome-devtools://devtools/bundled/shell.js (3081)
[33972:29704:0222/181024.631:WARNING:spdy_session.cc(3127)] Received WINDOW_UPDATE for invalid stream 19
[33972:35032:0222/181024.689:WARNING:pref_notifier_impl.cc(23)] Pref observer found at shutdown.
[33972:35032:0222/181024.689:WARNING:pref_notifier_impl.cc(23)] Pref observer found at shutdown.
[33972:35032:0222/181024.689:WARNING:pref_notifier_impl.cc(23)] Pref observer found at shutdown.
